  [4;36;1mSQL (0.2ms)[0m   [0;1m SELECT name
 FROM sqlite_master
 WHERE type = 'table' AND NOT name = 'sqlite_sequence'
[0m
  [4;35;1mSQL (0.1ms)[0m   [0mselect sqlite_version(*)[0m
  [4;36;1mSQL (5.2ms)[0m   [0;1mCREATE TABLE "schema_migrations" ("version" varchar(255) NOT NULL) [0m
  [4;35;1mSQL (6.0ms)[0m   [0mCREATE UNIQUE INDEX "unique_schema_migrations" ON "schema_migrations" ("version")[0m
  [4;36;1mSQL (0.3ms)[0m   [0;1m SELECT name
 FROM sqlite_master
 WHERE type = 'table' AND NOT name = 'sqlite_sequence'
[0m
  [4;35;1mSQL (0.1ms)[0m   [0mSELECT version FROM schema_migrations[0m
Migrating to CreateAds (20090705002052)
  [4;36;1mSQL (0.5ms)[0m   [0;1mCREATE TABLE "ads" ("id" INTEGER PRIMARY KEY AUTOINCREMENT NOT NULL, "name" varchar(255), "description" text, "price" decimal, "seller_id" integer, "email" varchar(255), "img_url" varchar(255), "created_at" datetime, "updated_at" datetime) [0m
  [4;35;1mSQL (0.1ms)[0m   [0mINSERT INTO schema_migrations (version) VALUES ('20090705002052')[0m
  [4;36;1mSQL (0.3ms)[0m   [0;1m SELECT name
 FROM sqlite_master
 WHERE type = 'table' AND NOT name = 'sqlite_sequence'
[0m
  [4;35;1mSQL (0.1ms)[0m   [0mSELECT version FROM schema_migrations[0m
  [4;36;1mSQL (0.3ms)[0m   [0;1m SELECT name
 FROM sqlite_master
 WHERE type = 'table' AND NOT name = 'sqlite_sequence'
[0m
  [4;35;1mSQL (0.1ms)[0m   [0mPRAGMA index_list("ads")[0m


Processing AdsController#3 (for 127.0.0.1 at 2009-07-05 13:53:26) [GET]

ActionController::UnknownAction (No action responded to 3. Actions: ):
  

Rendering rescues/layout (not_found)


Processing AdsController#show (for 127.0.0.1 at 2009-07-05 14:22:40) [GET]
  Parameters: {"id"=>"3"}
Rendering ads/show
Completed in 5ms (View: 3, DB: 0) | 200 OK [http://localhost/ads/3]


Processing AdsController#show (for 127.0.0.1 at 2009-07-05 14:22:44) [GET]
  Parameters: {"id"=>"5"}
Rendering ads/show
Completed in 2ms (View: 1, DB: 0) | 200 OK [http://localhost/ads/5]


Processing AdsController#show (for 127.0.0.1 at 2009-07-05 14:31:02) [GET]
  Parameters: {"id"=>"5"}
Rendering ads/show
Completed in 2ms (View: 1, DB: 0) | 200 OK [http://localhost/ads/5]


Processing AdsController#show (for 127.0.0.1 at 2009-07-05 14:48:21) [GET]
  Parameters: {"id"=>"5"}
  [4;36;1mAd Load (0.3ms)[0m   [0;1mSELECT * FROM "ads" WHERE ("ads"."id" = 5) [0m
Rendering ads/show
Completed in 7ms (View: 1, DB: 0) | 200 OK [http://localhost/ads/5]


Processing AdsController#show (for 127.0.0.1 at 2009-07-05 14:48:23) [GET]
  Parameters: {"id"=>"5"}
  [4;35;1mAd Load (0.3ms)[0m   [0mSELECT * FROM "ads" WHERE ("ads"."id" = 5) [0m
Rendering ads/show
Completed in 41ms (View: 1, DB: 0) | 200 OK [http://localhost/ads/5]


Processing AdsController#show (for 127.0.0.1 at 2009-07-05 14:53:25) [GET]
  Parameters: {"id"=>"5"}
  [4;36;1mAd Load (0.3ms)[0m   [0;1mSELECT * FROM "ads" WHERE ("ads"."id" = 5) [0m
Rendering ads/show
Completed in 11ms (View: 5, DB: 0) | 200 OK [http://localhost/ads/5]


Processing AdsController#show (for 127.0.0.1 at 2009-07-05 14:53:42) [GET]
  Parameters: {"id"=>"5"}
  [4;35;1mAd Load (0.4ms)[0m   [0mSELECT * FROM "ads" WHERE ("ads"."id" = 5) [0m
Rendering ads/show
Completed in 9ms (View: 2, DB: 0) | 200 OK [http://localhost/ads/5]


Processing AdsController#show (for 127.0.0.1 at 2009-07-05 14:53:54) [GET]
  Parameters: {"id"=>"5"}
  [4;36;1mAd Load (0.3ms)[0m   [0;1mSELECT * FROM "ads" WHERE ("ads"."id" = 5) [0m
Rendering ads/show
Completed in 10ms (View: 4, DB: 0) | 200 OK [http://localhost/ads/5]


Processing AdsController#show (for 127.0.0.1 at 2009-07-05 14:54:56) [GET]
  Parameters: {"id"=>"5"}
  [4;35;1mAd Load (0.3ms)[0m   [0mSELECT * FROM "ads" WHERE ("ads"."id" = 5) [0m
Rendering ads/show
Completed in 7ms (View: 2, DB: 0) | 200 OK [http://localhost/ads/5]


Processing AdsController#show (for 127.0.0.1 at 2009-07-05 14:54:57) [GET]
  Parameters: {"id"=>"5"}
  [4;36;1mAd Load (0.3ms)[0m   [0;1mSELECT * FROM "ads" WHERE ("ads"."id" = 5) [0m
Rendering ads/show
Completed in 8ms (View: 2, DB: 0) | 200 OK [http://localhost/ads/5]


Processing AdsController#show (for 127.0.0.1 at 2009-07-05 18:23:11) [GET]
  Parameters: {"id"=>"3"}
  [4;36;1mAd Load (0.3ms)[0m   [0;1mSELECT * FROM "ads" WHERE ("ads"."id" = 3) [0m
Rendering ads/show
Completed in 60ms (View: 21, DB: 0) | 200 OK [http://localhost/ads/3]


Processing AdsController#show (for 127.0.0.1 at 2009-07-05 18:23:20) [GET]
  Parameters: {"id"=>"2"}
  [4;35;1mAd Load (0.3ms)[0m   [0mSELECT * FROM "ads" WHERE ("ads"."id" = 2) [0m
Rendering ads/show
Completed in 7ms (View: 2, DB: 0) | 200 OK [http://localhost/ads/2]


Processing AdsController#show (for 127.0.0.1 at 2009-07-05 18:23:24) [GET]
  Parameters: {"id"=>"8"}
  [4;36;1mAd Load (0.3ms)[0m   [0;1mSELECT * FROM "ads" WHERE ("ads"."id" = 8) [0m
Rendering ads/show
Completed in 7ms (View: 2, DB: 0) | 200 OK [http://localhost/ads/8]


Processing AdsController#show (for 127.0.0.1 at 2009-07-05 18:23:29) [GET]
  Parameters: {"id"=>"7"}
  [4;35;1mAd Load (0.3ms)[0m   [0mSELECT * FROM "ads" WHERE ("ads"."id" = 7) [0m
Rendering ads/show
Completed in 7ms (View: 2, DB: 0) | 200 OK [http://localhost/ads/7]


Processing AdsController#show (for 127.0.0.1 at 2009-07-05 18:23:33) [GET]
  Parameters: {"id"=>"6"}
  [4;36;1mAd Load (0.3ms)[0m   [0;1mSELECT * FROM "ads" WHERE ("ads"."id" = 6) [0m
Rendering ads/show
Completed in 7ms (View: 2, DB: 0) | 200 OK [http://localhost/ads/6]


Processing AdsController#show (for 127.0.0.1 at 2009-07-05 18:23:36) [GET]
  Parameters: {"id"=>"4"}
  [4;35;1mAd Load (0.3ms)[0m   [0mSELECT * FROM "ads" WHERE ("ads"."id" = 4) [0m
Rendering ads/show
Completed in 7ms (View: 2, DB: 0) | 200 OK [http://localhost/ads/4]


Processing AdsController#show (for 127.0.0.1 at 2009-07-05 18:23:39) [GET]
  Parameters: {"id"=>"2"}
  [4;36;1mAd Load (0.3ms)[0m   [0;1mSELECT * FROM "ads" WHERE ("ads"."id" = 2) [0m
Rendering ads/show
Completed in 7ms (View: 2, DB: 0) | 200 OK [http://localhost/ads/2]


Processing AdsController#show (for 127.0.0.1 at 2009-07-05 18:23:42) [GET]
  Parameters: {"id"=>"3"}
  [4;35;1mAd Load (0.8ms)[0m   [0mSELECT * FROM "ads" WHERE ("ads"."id" = 3) [0m
Rendering ads/show
Completed in 9ms (View: 2, DB: 1) | 200 OK [http://localhost/ads/3]


Processing AdsController#show (for 127.0.0.1 at 2009-07-05 18:24:23) [GET]
  Parameters: {"id"=>"4"}
  [4;36;1mAd Load (0.3ms)[0m   [0;1mSELECT * FROM "ads" WHERE ("ads"."id" = 4) [0m
Rendering ads/show
Completed in 8ms (View: 2, DB: 0) | 200 OK [http://localhost/ads/4]


Processing AdsController#show (for 127.0.0.1 at 2009-07-05 18:25:06) [GET]
  Parameters: {"id"=>"37"}
  [4;35;1mAd Load (0.3ms)[0m   [0mSELECT * FROM "ads" WHERE ("ads"."id" = 37) [0m
Rendering ads/show
Completed in 7ms (View: 2, DB: 0) | 200 OK [http://localhost/ads/37]


Processing AdsController#show (for 127.0.0.1 at 2009-07-05 18:25:12) [GET]
  Parameters: {"id"=>"37"}
  [4;36;1mAd Load (0.4ms)[0m   [0;1mSELECT * FROM "ads" WHERE ("ads"."id" = 37) [0m
Rendering ads/show
Completed in 8ms (View: 2, DB: 0) | 200 OK [http://localhost/ads/37]


Processing AdsController#show (for 127.0.0.1 at 2009-07-05 18:25:20) [GET]
  Parameters: {"id"=>"1"}
  [4;35;1mAd Load (0.3ms)[0m   [0mSELECT * FROM "ads" WHERE ("ads"."id" = 1) [0m
Rendering ads/show
Completed in 7ms (View: 2, DB: 0) | 200 OK [http://localhost/ads/1]


Processing AdsController#show (for 127.0.0.1 at 2009-07-05 18:25:26) [GET]
  Parameters: {"id"=>"2"}
  [4;36;1mAd Load (0.3ms)[0m   [0;1mSELECT * FROM "ads" WHERE ("ads"."id" = 2) [0m
Rendering ads/show
Completed in 8ms (View: 2, DB: 0) | 200 OK [http://localhost/ads/2]


Processing AdsController#show (for 127.0.0.1 at 2009-07-05 18:35:53) [GET]
  Parameters: {"id"=>"2"}
  [4;35;1mAd Load (0.3ms)[0m   [0mSELECT * FROM "ads" WHERE ("ads"."id" = 2) [0m
Rendering ads/show
Completed in 7ms (View: 2, DB: 0) | 200 OK [http://localhost/ads/2]


Processing AdsController#show (for 127.0.0.1 at 2009-07-05 18:35:59) [GET]

ActiveRecord::RecordNotFound (Couldn't find Ad without an ID):
  app/controllers/ads_controller.rb:3:in `show'

Rendered rescues/_trace (34.4ms)
Rendered rescues/_request_and_response (1.3ms)
Rendering rescues/layout (not_found)


Processing AdsController#show (for 127.0.0.1 at 2009-07-05 18:52:43) [GET]

ActiveRecord::RecordNotFound (Couldn't find Ad without an ID):
  app/controllers/ads_controller.rb:8:in `show'

Rendered rescues/_trace (75.4ms)
Rendered rescues/_request_and_response (0.2ms)
Rendering rescues/layout (not_found)


Processing AdsController#show (for 127.0.0.1 at 2009-07-05 18:52:44) [GET]

ActiveRecord::RecordNotFound (Couldn't find Ad without an ID):
  app/controllers/ads_controller.rb:8:in `show'

Rendered rescues/_trace (77.2ms)
Rendered rescues/_request_and_response (0.3ms)
Rendering rescues/layout (not_found)


Processing AdsController#show (for 127.0.0.1 at 2009-07-05 18:52:49) [GET]

ActiveRecord::RecordNotFound (Couldn't find Ad without an ID):
  app/controllers/ads_controller.rb:8:in `show'

Rendered rescues/_trace (30.8ms)
Rendered rescues/_request_and_response (0.2ms)
Rendering rescues/layout (not_found)


Processing AdsController#show (for 127.0.0.1 at 2009-07-05 18:53:22) [GET]

ActiveRecord::RecordNotFound (Couldn't find Ad without an ID):
  app/controllers/ads_controller.rb:8:in `show'

Rendered rescues/_trace (32.5ms)
Rendered rescues/_request_and_response (0.2ms)
Rendering rescues/layout (not_found)


Processing AdsController#show (for 127.0.0.1 at 2009-07-05 18:53:23) [GET]

ActiveRecord::RecordNotFound (Couldn't find Ad without an ID):
  app/controllers/ads_controller.rb:8:in `show'

Rendered rescues/_trace (74.0ms)
Rendered rescues/_request_and_response (0.2ms)
Rendering rescues/layout (not_found)


Processing AdsController#index (for 127.0.0.1 at 2009-07-05 18:53:48) [GET]
  [4;36;1mAd Load (1.4ms)[0m   [0;1mSELECT * FROM "ads" [0m
Rendering ads/index
Completed in 25ms (View: 20, DB: 1) | 200 OK [http://localhost/ads/]


Processing AdsController#show (for 127.0.0.1 at 2009-07-05 18:54:01) [GET]

ActiveRecord::RecordNotFound (Couldn't find Ad without an ID):
  app/controllers/ads_controller.rb:8:in `show'

Rendered rescues/_trace (30.3ms)
Rendered rescues/_request_and_response (0.2ms)
Rendering rescues/layout (not_found)


Processing AdsController#index (for 127.0.0.1 at 2009-07-05 18:54:39) [GET]
  [4;35;1mAd Load (1.5ms)[0m   [0mSELECT * FROM "ads" [0m
Rendering ads/index
Completed in 9ms (View: 3, DB: 2) | 200 OK [http://localhost/ads/]


Processing AdsController#show (for 127.0.0.1 at 2009-07-05 18:54:42) [GET]
  Parameters: {"id"=>"1"}
  [4;36;1mAd Load (42.7ms)[0m   [0;1mSELECT * FROM "ads" WHERE ("ads"."id" = 1) [0m
Rendering ads/show
Completed in 51ms (View: 3, DB: 43) | 200 OK [http://localhost/ads/1]


Processing AdsController#show (for 127.0.0.1 at 2009-07-05 18:54:48) [GET]
  Parameters: {"id"=>"2"}
  [4;35;1mAd Load (0.3ms)[0m   [0mSELECT * FROM "ads" WHERE ("ads"."id" = 2) [0m
Rendering ads/show
Completed in 7ms (View: 2, DB: 0) | 200 OK [http://localhost/ads/2]


Processing AdsController#index (for 127.0.0.1 at 2009-07-05 19:12:27) [GET]
  [4;36;1mAd Load (1.4ms)[0m   [0;1mSELECT * FROM "ads" [0m
Rendering template within layouts/ads
Rendering ads/index
Completed in 38ms (View: 33, DB: 1) | 200 OK [http://localhost/ads/]


Processing ApplicationController#index (for 127.0.0.1 at 2009-07-05 19:12:27) [GET]

ActionController::RoutingError (No route matches "/stylesheets/default.css" with {:method=>:get}):
  

Rendering rescues/layout (not_found)


Processing AdsController#index (for 127.0.0.1 at 2009-07-05 19:13:11) [GET]
  [4;35;1mAd Load (1.4ms)[0m   [0mSELECT * FROM "ads" [0m
Rendering template within layouts/ads
Rendering ads/index
Completed in 9ms (View: 3, DB: 1) | 200 OK [http://localhost/ads/]


Processing ApplicationController#index (for 127.0.0.1 at 2009-07-05 19:13:12) [GET]

ActionController::RoutingError (No route matches "/images/bg.png" with {:method=>:get}):
  

Rendering rescues/layout (not_found)


Processing ApplicationController#index (for 127.0.0.1 at 2009-07-05 19:13:12) [GET]

ActionController::RoutingError (No route matches "/images/bgHeader.png" with {:method=>:get}):
  

Rendering rescues/layout (not_found)


Processing ApplicationController#index (for 127.0.0.1 at 2009-07-05 19:13:12) [GET]

ActionController::RoutingError (No route matches "/images/logo.png" with {:method=>:get}):
  

Rendering rescues/layout (not_found)


Processing AdsController#index (for 127.0.0.1 at 2009-07-05 19:13:59) [GET]
  [4;36;1mAd Load (1.5ms)[0m   [0;1mSELECT * FROM "ads" [0m
Rendering template within layouts/ads
Rendering ads/index
Completed in 9ms (View: 3, DB: 2) | 200 OK [http://localhost/ads/]


Processing AdsController#index (for 127.0.0.1 at 2009-07-05 19:14:02) [GET]
  [4;35;1mAd Load (1.4ms)[0m   [0mSELECT * FROM "ads" [0m
Rendering template within layouts/ads
Rendering ads/index
Completed in 10ms (View: 4, DB: 1) | 200 OK [http://localhost/ads/]


Processing AdsController#show (for 127.0.0.1 at 2009-07-05 19:14:08) [GET]
  Parameters: {"id"=>"1"}
  [4;36;1mAd Load (0.3ms)[0m   [0;1mSELECT * FROM "ads" WHERE ("ads"."id" = 1) [0m
Rendering template within layouts/ads
Rendering ads/show
Completed in 10ms (View: 5, DB: 0) | 200 OK [http://localhost/ads/1]


Processing AdsController#index (for 127.0.0.1 at 2009-07-05 19:14:23) [GET]
  [4;35;1mAd Load (1.4ms)[0m   [0mSELECT * FROM "ads" [0m
Rendering template within layouts/ads
Rendering ads/index
Completed in 9ms (View: 3, DB: 1) | 200 OK [http://localhost/ads/]


Processing AdsController#show (for 127.0.0.1 at 2009-07-05 19:14:25) [GET]
  Parameters: {"id"=>"2"}
  [4;36;1mAd Load (0.3ms)[0m   [0;1mSELECT * FROM "ads" WHERE ("ads"."id" = 2) [0m
Rendering template within layouts/ads
Rendering ads/show
Completed in 7ms (View: 2, DB: 0) | 200 OK [http://localhost/ads/2]


Processing AdsController#index (for 127.0.0.1 at 2009-07-05 19:14:30) [GET]
  [4;35;1mAd Load (1.4ms)[0m   [0mSELECT * FROM "ads" [0m
Rendering template within layouts/ads
Rendering ads/index
Completed in 8ms (View: 3, DB: 1) | 200 OK [http://localhost/ads/]


Processing AdsController#show (for 127.0.0.1 at 2009-07-05 19:15:43) [GET]
  Parameters: {"id"=>"1"}
  [4;36;1mAd Load (0.3ms)[0m   [0;1mSELECT * FROM "ads" WHERE ("ads"."id" = 1) [0m
Rendering template within layouts/ads
Rendering ads/show
Completed in 8ms (View: 3, DB: 0) | 200 OK [http://localhost/ads/1]


Processing AdsController#index (for 127.0.0.1 at 2009-07-05 19:15:58) [GET]
  [4;35;1mAd Load (1.4ms)[0m   [0mSELECT * FROM "ads" [0m
Rendering template within layouts/ads
Rendering ads/index
Completed in 9ms (View: 3, DB: 1) | 200 OK [http://localhost/ads/]


Processing AdsController#index (for 127.0.0.1 at 2009-07-05 19:26:17) [GET]
  [4;36;1mAd Load (1.4ms)[0m   [0;1mSELECT * FROM "ads" [0m
Rendering template within layouts/ads
Rendering ads/index
Completed in 8ms (View: 3, DB: 1) | 200 OK [http://localhost/ads/]


Processing AdsController#show (for 127.0.0.1 at 2009-07-05 19:26:20) [GET]
  Parameters: {"id"=>"1"}
  [4;35;1mAd Load (0.3ms)[0m   [0mSELECT * FROM "ads" WHERE ("ads"."id" = 1) [0m
Rendering template within layouts/ads
Rendering ads/show
Completed in 8ms (View: 2, DB: 0) | 200 OK [http://localhost/ads/1]


Processing ApplicationController#index (for 127.0.0.1 at 2009-07-05 19:26:27) [GET]

ActionController::RoutingError (No route matches "/ads/new." with {:method=>:get}):
  

Rendering rescues/layout (not_found)


Processing AdsController#new (for 127.0.0.1 at 2009-07-05 19:26:32) [GET]

ActionController::UnknownAction (No action responded to new. Actions: index and show):
  

Rendering rescues/layout (not_found)


Processing AdsController#new (for 127.0.0.1 at 2009-07-05 19:39:53) [GET]
Rendering template within layouts/ads
Rendering ads/new
ERROR: compiling _run_erb_app47views47ads47new46html46erb RAISED compile error
/Users/nkoch/Web/tutorials/head_first_rails/mebay/app/views/ads/new.html.erb:1: syntax error, unexpected tASSOC, expecting ')'
            old_output_buffer = output_buffer;;@output_buffer = '';  __in_erb_template=true ;  form_for (@ad, :url=>(:action=>'create')) do |f| ; @output_buffer.concat "\r\n"
                                                                                                                              ^
Function body:           def _run_erb_app47views47ads47new46html46erb(local_assigns)
            old_output_buffer = output_buffer;;@output_buffer = '';  __in_erb_template=true ;  form_for (@ad, :url=>(:action=>'create')) do |f| ; @output_buffer.concat "\r\n"
@output_buffer.concat "\t<p><b>Name</b><br>"; @output_buffer.concat(( f.text_field :name ).to_s); @output_buffer.concat "</p>\r\n"
@output_buffer.concat "\t<p><b>Description</b><br>"; @output_buffer.concat(( f.text_area :description ).to_s); @output_buffer.concat "</p>\r\n"
@output_buffer.concat "\t<p><b>Price</b><br>"; @output_buffer.concat(( f.text_field :price ).to_s); @output_buffer.concat "</p>\r\n"
@output_buffer.concat "\t<p><b>Seller</b><br>"; @output_buffer.concat(( f.text_field :seller_id ).to_s); @output_buffer.concat "</p>\r\n"
@output_buffer.concat "\t<p><b>Email</b><br>"; @output_buffer.concat(( f.text_field :email ).to_s); @output_buffer.concat "</p>\r\n"
@output_buffer.concat "\t<p><b>Image URL</b><br>"; @output_buffer.concat(( f.text_field :img_url ).to_s); @output_buffer.concat "</p>\r\n"
@output_buffer.concat "\t<p>"; @output_buffer.concat(( f.submit "Create" ).to_s); @output_buffer.concat "</p>\r\n"
 end 
@output_buffer
          ensure
            self.output_buffer = old_output_buffer
          end
Backtrace: /Users/nkoch/Web/tutorials/head_first_rails/mebay/app/views/ads/new.html.erb:13:in `compile!'
/Library/Ruby/Gems/1.8/gems/actionpack-2.3.2/lib/action_view/renderable.rb:61:in `compile'
/Library/Ruby/Gems/1.8/gems/actionpack-2.3.2/lib/action_view/renderable.rb:28:in `render'
/Library/Ruby/Gems/1.8/gems/actionpack-2.3.2/lib/action_view/template.rb:194:in `render_template'
/Library/Ruby/Gems/1.8/gems/actionpack-2.3.2/lib/action_view/base.rb:260:in `render'
/Library/Ruby/Gems/1.8/gems/actionpack-2.3.2/lib/action_view/base.rb:343:in `_render_with_layout'
/Library/Ruby/Gems/1.8/gems/actionpack-2.3.2/lib/action_view/base.rb:257:in `render'
/Library/Ruby/Gems/1.8/gems/actionpack-2.3.2/lib/action_controller/base.rb:1241:in `render_for_file'
/Library/Ruby/Gems/1.8/gems/actionpack-2.3.2/lib/action_controller/base.rb:937:in `render_without_benchmark'
/Library/Ruby/Gems/1.8/gems/actionpack-2.3.2/lib/action_controller/benchmarking.rb:51:in `render'
/Library/Ruby/Gems/1.8/gems/activesupport-2.3.2/lib/active_support/core_ext/benchmark.rb:17:in `ms'
/Library/Ruby/Gems/1.8/gems/activesupport-2.3.2/lib/active_support/core_ext/benchmark.rb:10:in `realtime'
/Library/Ruby/Gems/1.8/gems/activesupport-2.3.2/lib/active_support/core_ext/benchmark.rb:17:in `ms'
/Library/Ruby/Gems/1.8/gems/actionpack-2.3.2/lib/action_controller/benchmarking.rb:51:in `render'
/Library/Ruby/Gems/1.8/gems/actionpack-2.3.2/lib/action_controller/base.rb:1317:in `default_render'
/Library/Ruby/Gems/1.8/gems/actionpack-2.3.2/lib/action_controller/base.rb:1329:in `perform_action_without_filters'
/Library/Ruby/Gems/1.8/gems/actionpack-2.3.2/lib/action_controller/filters.rb:617:in `call_filters'
/Library/Ruby/Gems/1.8/gems/actionpack-2.3.2/lib/action_controller/filters.rb:610:in `perform_action_without_benchmark'
/Library/Ruby/Gems/1.8/gems/actionpack-2.3.2/lib/action_controller/benchmarking.rb:68:in `perform_action_without_rescue'
/Library/Ruby/Gems/1.8/gems/activesupport-2.3.2/lib/active_support/core_ext/benchmark.rb:17:in `ms'
/Library/Ruby/Gems/1.8/gems/activesupport-2.3.2/lib/active_support/core_ext/benchmark.rb:10:in `realtime'
/Library/Ruby/Gems/1.8/gems/activesupport-2.3.2/lib/active_support/core_ext/benchmark.rb:17:in `ms'
/Library/Ruby/Gems/1.8/gems/actionpack-2.3.2/lib/action_controller/benchmarking.rb:68:in `perform_action_without_rescue'
/Library/Ruby/Gems/1.8/gems/actionpack-2.3.2/lib/action_controller/rescue.rb:160:in `perform_action_without_flash'
/Library/Ruby/Gems/1.8/gems/actionpack-2.3.2/lib/action_controller/flash.rb:141:in `perform_action'
/Library/Ruby/Gems/1.8/gems/actionpack-2.3.2/lib/action_controller/base.rb:523:in `send'
/Library/Ruby/Gems/1.8/gems/actionpack-2.3.2/lib/action_controller/base.rb:523:in `process_without_filters'
/Library/Ruby/Gems/1.8/gems/actionpack-2.3.2/lib/action_controller/filters.rb:606:in `process'
/Library/Ruby/Gems/1.8/gems/actionpack-2.3.2/lib/action_controller/base.rb:391:in `process'
/Library/Ruby/Gems/1.8/gems/actionpack-2.3.2/lib/action_controller/base.rb:386:in `call'
/Library/Ruby/Gems/1.8/gems/actionpack-2.3.2/lib/action_controller/routing/route_set.rb:433:in `call'
/Library/Ruby/Gems/1.8/gems/actionpack-2.3.2/lib/action_controller/dispatcher.rb:88:in `dispatch'
/Library/Ruby/Gems/1.8/gems/actionpack-2.3.2/lib/action_controller/dispatcher.rb:111:in `_call'
/Library/Ruby/Gems/1.8/gems/actionpack-2.3.2/lib/action_controller/dispatcher.rb:82:in `initialize'
/Library/Ruby/Gems/1.8/gems/activerecord-2.3.2/lib/active_record/query_cache.rb:29:in `call'
/Library/Ruby/Gems/1.8/gems/activerecord-2.3.2/lib/active_record/query_cache.rb:29:in `call'
/Library/Ruby/Gems/1.8/gems/activerecord-2.3.2/lib/active_record/connection_adapters/abstract/query_cache.rb:34:in `cache'
/Library/Ruby/Gems/1.8/gems/activerecord-2.3.2/lib/active_record/query_cache.rb:9:in `cache'
/Library/Ruby/Gems/1.8/gems/activerecord-2.3.2/lib/active_record/query_cache.rb:28:in `call'
/Library/Ruby/Gems/1.8/gems/activerecord-2.3.2/lib/active_record/connection_adapters/abstract/connection_pool.rb:361:in `call'
/Library/Ruby/Gems/1.8/gems/actionpack-2.3.2/lib/action_controller/vendor/rack-1.0/rack/head.rb:9:in `call'
/Library/Ruby/Gems/1.8/gems/actionpack-2.3.2/lib/action_controller/vendor/rack-1.0/rack/methodoverride.rb:24:in `call'
/Library/Ruby/Gems/1.8/gems/actionpack-2.3.2/lib/action_controller/params_parser.rb:15:in `call'
/Library/Ruby/Gems/1.8/gems/actionpack-2.3.2/lib/action_controller/rewindable_input.rb:25:in `call'
/Library/Ruby/Gems/1.8/gems/actionpack-2.3.2/lib/action_controller/session/cookie_store.rb:93:in `call'
/Library/Ruby/Gems/1.8/gems/actionpack-2.3.2/lib/action_controller/reloader.rb:9:in `call'
/Library/Ruby/Gems/1.8/gems/actionpack-2.3.2/lib/action_controller/failsafe.rb:11:in `call'
/Library/Ruby/Gems/1.8/gems/actionpack-2.3.2/lib/action_controller/vendor/rack-1.0/rack/lock.rb:11:in `call'
/Library/Ruby/Gems/1.8/gems/actionpack-2.3.2/lib/action_controller/vendor/rack-1.0/rack/lock.rb:11:in `synchronize'
/Library/Ruby/Gems/1.8/gems/actionpack-2.3.2/lib/action_controller/vendor/rack-1.0/rack/lock.rb:11:in `call'
/Library/Ruby/Gems/1.8/gems/actionpack-2.3.2/lib/action_controller/dispatcher.rb:106:in `call'
/Library/Ruby/Gems/1.8/gems/rails-2.3.2/lib/rails/rack/static.rb:31:in `call'
/Library/Ruby/Gems/1.8/gems/actionpack-2.3.2/lib/action_controller/vendor/rack-1.0/rack/urlmap.rb:46:in `call'
/Library/Ruby/Gems/1.8/gems/actionpack-2.3.2/lib/action_controller/vendor/rack-1.0/rack/urlmap.rb:40:in `each'
/Library/Ruby/Gems/1.8/gems/actionpack-2.3.2/lib/action_controller/vendor/rack-1.0/rack/urlmap.rb:40:in `call'
/Library/Ruby/Gems/1.8/gems/rails-2.3.2/lib/rails/rack/log_tailer.rb:17:in `call'
/Library/Ruby/Gems/1.8/gems/actionpack-2.3.2/lib/action_controller/vendor/rack-1.0/rack/content_length.rb:13:in `call'
/Library/Ruby/Gems/1.8/gems/actionpack-2.3.2/lib/action_controller/vendor/rack-1.0/rack/chunked.rb:15:in `call'
/Library/Ruby/Gems/1.8/gems/actionpack-2.3.2/lib/action_controller/vendor/rack-1.0/rack/handler/mongrel.rb:61:in `process'
/Users/nkoch/.gem/ruby/1.8/gems/mongrel-1.1.5/lib/mongrel.rb:159:in `process_client'
/Users/nkoch/.gem/ruby/1.8/gems/mongrel-1.1.5/lib/mongrel.rb:158:in `each'
/Users/nkoch/.gem/ruby/1.8/gems/mongrel-1.1.5/lib/mongrel.rb:158:in `process_client'
/Users/nkoch/.gem/ruby/1.8/gems/mongrel-1.1.5/lib/mongrel.rb:285:in `run'
/Users/nkoch/.gem/ruby/1.8/gems/mongrel-1.1.5/lib/mongrel.rb:285:in `initialize'
/Users/nkoch/.gem/ruby/1.8/gems/mongrel-1.1.5/lib/mongrel.rb:285:in `new'
/Users/nkoch/.gem/ruby/1.8/gems/mongrel-1.1.5/lib/mongrel.rb:285:in `run'
/Users/nkoch/.gem/ruby/1.8/gems/mongrel-1.1.5/lib/mongrel.rb:268:in `initialize'
/Users/nkoch/.gem/ruby/1.8/gems/mongrel-1.1.5/lib/mongrel.rb:268:in `new'
/Users/nkoch/.gem/ruby/1.8/gems/mongrel-1.1.5/lib/mongrel.rb:268:in `run'
/Library/Ruby/Gems/1.8/gems/actionpack-2.3.2/lib/action_controller/vendor/rack-1.0/rack/handler/mongrel.rb:34:in `run'
/Library/Ruby/Gems/1.8/gems/rails-2.3.2/lib/commands/server.rb:111
/Library/Ruby/Site/1.8/rubygems/custom_require.rb:31:in `gem_original_require'
/Library/Ruby/Site/1.8/rubygems/custom_require.rb:31:in `require'
script/server:3

ActionView::TemplateError (compile error
/Users/nkoch/Web/tutorials/head_first_rails/mebay/app/views/ads/new.html.erb:1: syntax error, unexpected tASSOC, expecting ')'
            old_output_buffer = output_buffer;;@output_buffer = '';  __in_erb_template=true ;  form_for (@ad, :url=>(:action=>'create')) do |f| ; @output_buffer.concat "\r\n"
                                                                                                                              ^) on line #1 of app/views/ads/new.html.erb:
1: <% form_for (@ad, :url=>(:action=>'create')) do |f| -%>
2: 	<p><b>Name</b><br><%= f.text_field :name %></p>
3: 	<p><b>Description</b><br><%= f.text_area :description %></p>
4: 	<p><b>Price</b><br><%= f.text_field :price %></p>

    app/views/ads/new.html.erb:13:in `compile!'

Rendered rescues/_trace (77.1ms)
Rendered rescues/_request_and_response (0.2ms)
Rendering rescues/layout (internal_server_error)


Processing AdsController#new (for 127.0.0.1 at 2009-07-05 19:40:49) [GET]
Rendering template within layouts/ads
Rendering ads/new

ActionView::TemplateError (Called id for nil, which would mistakenly be 4 -- if you really wanted the id of nil, use object_id) on line #1 of app/views/ads/new.html.erb:
1: <% form_for (@ad, :url=>{:action=>'create'}) do |f| -%>
2: 	<p><b>Name</b><br><%= f.text_field :name %></p>
3: 	<p><b>Description</b><br><%= f.text_area :description %></p>
4: 	<p><b>Price</b><br><%= f.text_field :price %></p>

    app/views/ads/new.html.erb:1

Rendered rescues/_trace (81.8ms)
Rendered rescues/_request_and_response (0.2ms)
Rendering rescues/layout (internal_server_error)


Processing AdsController#new (for 127.0.0.1 at 2009-07-05 19:44:36) [GET]
Rendering template within layouts/ads
Rendering ads/new
Completed in 27ms (View: 22, DB: 0) | 200 OK [http://localhost/ads/new/]


Processing AdsController#new (for 127.0.0.1 at 2009-07-05 19:47:28) [GET]
Rendering template within layouts/ads
Rendering ads/new
Completed in 8ms (View: 4, DB: 0) | 200 OK [http://localhost/ads/new/]


Processing AdsController#new (for 127.0.0.1 at 2009-07-05 19:48:16) [GET]
Rendering template within layouts/ads
Rendering ads/new
Completed in 9ms (View: 4, DB: 0) | 200 OK [http://localhost/ads/new/]


Processing AdsController#new (for 127.0.0.1 at 2009-07-05 19:48:35) [GET]
Rendering template within layouts/ads
Rendering ads/new
Completed in 10ms (View: 5, DB: 0) | 200 OK [http://localhost/ads/new/]


Processing AdsController#new (for 127.0.0.1 at 2009-07-05 19:48:55) [GET]
Rendering template within layouts/ads
Rendering ads/new
Completed in 9ms (View: 4, DB: 0) | 200 OK [http://localhost/ads/new/]


Processing AdsController#show (for 127.0.0.1 at 2009-07-05 19:52:50) [POST]
  Parameters: {"commit"=>"Create", "ad"=>{"name"=>"testing", "price"=>"900.00", "description"=>"tetsttetdysdgsdgsd", "img_url"=>"http://farm1.static.flickr.com/4/7916746_715a13dd12.jpg", "seller_id"=>"242", "email"=>"blah@blah.com"}, "authenticity_token"=>"LK0cKL4yxqvLEJUxjcdv385cA0WuZoxwxQBrJSQ1H9Y=", "id"=>"create"}
  [4;36;1mAd Load (0.1ms)[0m   [0;1mSELECT * FROM "ads" WHERE ("ads"."id" = 0) [0m

ActiveRecord::RecordNotFound (Couldn't find Ad with ID=create):
  app/controllers/ads_controller.rb:8:in `show'

Rendered rescues/_trace (69.7ms)
Rendered rescues/_request_and_response (0.3ms)
Rendering rescues/layout (not_found)


Processing AdsController#show (for 127.0.0.1 at 2009-07-05 20:00:38) [POST]
  Parameters: {"commit"=>"Create", "ad"=>{"name"=>"testing", "price"=>"900.00", "description"=>"tetsttetdysdgsdgsd", "img_url"=>"http://farm1.static.flickr.com/4/7916746_715a13dd12.jpg", "seller_id"=>"242", "email"=>"blah@blah.com"}, "authenticity_token"=>"LK0cKL4yxqvLEJUxjcdv385cA0WuZoxwxQBrJSQ1H9Y=", "id"=>"create"}
  [4;35;1mAd Load (0.1ms)[0m   [0mSELECT * FROM "ads" WHERE ("ads"."id" = 0) [0m

ActiveRecord::RecordNotFound (Couldn't find Ad with ID=create):
  app/controllers/ads_controller.rb:8:in `show'

Rendered rescues/_trace (77.3ms)
Rendered rescues/_request_and_response (0.5ms)
Rendering rescues/layout (not_found)


Processing AdsController#new (for 127.0.0.1 at 2009-07-05 20:01:08) [GET]
Rendering template within layouts/ads
Rendering ads/new
Completed in 9ms (View: 4, DB: 0) | 200 OK [http://localhost/ads/new]


Processing AdsController#show (for 127.0.0.1 at 2009-07-05 20:01:20) [POST]
  Parameters: {"commit"=>"Create", "ad"=>{"name"=>"Sdsadad", "price"=>"asdasdad", "description"=>"asdadad", "img_url"=>"adadad", "seller_id"=>"asdadasd", "email"=>"adadsads"}, "authenticity_token"=>"LK0cKL4yxqvLEJUxjcdv385cA0WuZoxwxQBrJSQ1H9Y=", "id"=>"create"}
  [4;36;1mAd Load (0.1ms)[0m   [0;1mSELECT * FROM "ads" WHERE ("ads"."id" = 0) [0m

ActiveRecord::RecordNotFound (Couldn't find Ad with ID=create):
  app/controllers/ads_controller.rb:8:in `show'

Rendered rescues/_trace (72.6ms)
Rendered rescues/_request_and_response (0.4ms)
Rendering rescues/layout (not_found)


Processing AdsController#create (for 127.0.0.1 at 2009-07-05 20:02:11) [POST]
  Parameters: {"commit"=>"Create", "ad"=>{"name"=>"Sdsadad", "price"=>"asdasdad", "description"=>"asdadad", "img_url"=>"adadad", "seller_id"=>"asdadasd", "email"=>"adadsads"}, "authenticity_token"=>"LK0cKL4yxqvLEJUxjcdv385cA0WuZoxwxQBrJSQ1H9Y="}
  [4;35;1mAd Create (0.6ms)[0m   [0mINSERT INTO "ads" ("name", "updated_at", "price", "description", "img_url", "seller_id", "email", "created_at") VALUES('Sdsadad', '2009-07-06 01:02:11', 0.0, 'asdadad', 'adadad', 0, 'adadsads', '2009-07-06 01:02:11')[0m

ActionView::MissingTemplate (Missing template ads/create.erb in view path app/views):
  

Rendering rescues/layout (internal_server_error)


Processing AdsController#create (for 127.0.0.1 at 2009-07-05 20:09:13) [POST]
  Parameters: {"commit"=>"Create", "ad"=>{"name"=>"Sdsadad", "price"=>"asdasdad", "description"=>"asdadad", "img_url"=>"adadad", "seller_id"=>"asdadasd", "email"=>"adadsads"}, "authenticity_token"=>"LK0cKL4yxqvLEJUxjcdv385cA0WuZoxwxQBrJSQ1H9Y="}
  [4;36;1mAd Create (0.4ms)[0m   [0;1mINSERT INTO "ads" ("name", "updated_at", "price", "description", "img_url", "seller_id", "email", "created_at") VALUES('Sdsadad', '2009-07-06 01:09:14', 0.0, 'asdadad', 'adadad', 0, 'adadsads', '2009-07-06 01:09:14')[0m
Rendering template within layouts/ads
Rendering ads/create
Completed in 85ms (View: 27, DB: 0) | 200 OK [http://localhost/ads/create]


Processing AdsController#show (for 127.0.0.1 at 2009-07-05 20:09:17) [GET]
  Parameters: {"id"=>"39"}
  [4;35;1mAd Load (0.3ms)[0m   [0mSELECT * FROM "ads" WHERE ("ads"."id" = 39) [0m
Rendering template within layouts/ads
Rendering ads/show
Completed in 7ms (View: 2, DB: 0) | 200 OK [http://localhost/ads/39]


Processing AdsController#show (for 127.0.0.1 at 2009-07-05 20:09:17) [GET]
  Parameters: {"id"=>"adadad"}
  [4;36;1mAd Load (0.2ms)[0m   [0;1mSELECT * FROM "ads" WHERE ("ads"."id" = 0) [0m

ActiveRecord::RecordNotFound (Couldn't find Ad with ID=adadad):
  app/controllers/ads_controller.rb:8:in `show'

Rendered rescues/_trace (76.2ms)
Rendered rescues/_request_and_response (1.1ms)
Rendering rescues/layout (not_found)


Processing AdsController#show (for 127.0.0.1 at 2009-07-05 20:09:20) [GET]
  Parameters: {"id"=>"38"}
  [4;35;1mAd Load (0.3ms)[0m   [0mSELECT * FROM "ads" WHERE ("ads"."id" = 38) [0m
Rendering template within layouts/ads
Rendering ads/show
Completed in 7ms (View: 2, DB: 0) | 200 OK [http://localhost/ads/38]


Processing AdsController#show (for 127.0.0.1 at 2009-07-05 20:09:20) [GET]
  Parameters: {"id"=>"adadad"}
  [4;36;1mAd Load (0.1ms)[0m   [0;1mSELECT * FROM "ads" WHERE ("ads"."id" = 0) [0m

ActiveRecord::RecordNotFound (Couldn't find Ad with ID=adadad):
  app/controllers/ads_controller.rb:8:in `show'

Rendered rescues/_trace (74.2ms)
Rendered rescues/_request_and_response (0.3ms)
Rendering rescues/layout (not_found)


Processing AdsController#show (for 127.0.0.1 at 2009-07-05 20:09:26) [GET]
  Parameters: {"id"=>"35"}
  [4;35;1mAd Load (0.1ms)[0m   [0mSELECT * FROM "ads" WHERE ("ads"."id" = 35) [0m

ActiveRecord::RecordNotFound (Couldn't find Ad with ID=35):
  app/controllers/ads_controller.rb:8:in `show'

Rendered rescues/_trace (73.3ms)
Rendered rescues/_request_and_response (0.3ms)
Rendering rescues/layout (not_found)


Processing AdsController#show (for 127.0.0.1 at 2009-07-05 20:09:29) [GET]
  Parameters: {"id"=>"39"}
  [4;36;1mAd Load (0.3ms)[0m   [0;1mSELECT * FROM "ads" WHERE ("ads"."id" = 39) [0m
Rendering template within layouts/ads
Rendering ads/show
Completed in 8ms (View: 2, DB: 0) | 200 OK [http://localhost/ads/39]


Processing AdsController#show (for 127.0.0.1 at 2009-07-05 20:09:29) [GET]
  Parameters: {"id"=>"adadad"}
  [4;35;1mAd Load (0.1ms)[0m   [0mSELECT * FROM "ads" WHERE ("ads"."id" = 0) [0m

ActiveRecord::RecordNotFound (Couldn't find Ad with ID=adadad):
  app/controllers/ads_controller.rb:8:in `show'

Rendered rescues/_trace (74.1ms)
Rendered rescues/_request_and_response (0.4ms)
Rendering rescues/layout (not_found)


Processing AdsController#index (for 127.0.0.1 at 2009-07-05 20:09:34) [GET]
  [4;36;1mAd Load (1.6ms)[0m   [0;1mSELECT * FROM "ads" [0m
Rendering template within layouts/ads
Rendering ads/index
Completed in 9ms (View: 3, DB: 2) | 200 OK [http://localhost/ads/]


Processing AdsController#new (for 127.0.0.1 at 2009-07-05 20:14:41) [GET]
Rendering template within layouts/ads
Rendering ads/new
Completed in 8ms (View: 4, DB: 0) | 200 OK [http://localhost/ads/new]


Processing AdsController#create (for 127.0.0.1 at 2009-07-05 20:14:59) [POST]
  Parameters: {"commit"=>"Create", "ad"=>{"name"=>"ffffffffffffff", "price"=>"ffffffffffffff", "description"=>"fffffffffffffffff", "img_url"=>"fffffffffffff", "seller_id"=>"ffffffffffffff", "email"=>"ffffffffffff"}, "authenticity_token"=>"LK0cKL4yxqvLEJUxjcdv385cA0WuZoxwxQBrJSQ1H9Y="}
  [4;35;1mAd Create (0.3ms)[0m   [0mINSERT INTO "ads" ("name", "updated_at", "price", "description", "img_url", "seller_id", "email", "created_at") VALUES('ffffffffffffff', '2009-07-06 01:14:59', 0.0, 'fffffffffffffffff', 'fffffffffffff', 0, 'ffffffffffff', '2009-07-06 01:14:59')[0m
Rendering template within layouts/ads
Rendering ads/create
Completed in 13ms (View: 1, DB: 0) | 200 OK [http://localhost/ads/create]


Processing AdsController#show (for 127.0.0.1 at 2009-07-05 20:15:02) [GET]
  Parameters: {"id"=>"40"}
  [4;36;1mAd Load (0.3ms)[0m   [0;1mSELECT * FROM "ads" WHERE ("ads"."id" = 40) [0m
Rendering template within layouts/ads
Rendering ads/show
Completed in 8ms (View: 2, DB: 0) | 200 OK [http://localhost/ads/40]


Processing AdsController#show (for 127.0.0.1 at 2009-07-05 20:15:02) [GET]
  Parameters: {"id"=>"fffffffffffff"}
  [4;35;1mAd Load (0.1ms)[0m   [0mSELECT * FROM "ads" WHERE ("ads"."id" = 0) [0m

ActiveRecord::RecordNotFound (Couldn't find Ad with ID=fffffffffffff):
  app/controllers/ads_controller.rb:8:in `show'

Rendered rescues/_trace (79.8ms)
Rendered rescues/_request_and_response (0.3ms)
Rendering rescues/layout (not_found)


Processing AdsController#index (for 127.0.0.1 at 2009-07-05 20:15:05) [GET]
  [4;36;1mAd Load (1.8ms)[0m   [0;1mSELECT * FROM "ads" [0m
Rendering template within layouts/ads
Rendering ads/index
Completed in 9ms (View: 3, DB: 2) | 200 OK [http://localhost/ads/]


Processing AdsController#index (for 127.0.0.1 at 2009-07-05 20:16:30) [GET]
  [4;35;1mAd Load (1.8ms)[0m   [0mSELECT * FROM "ads" [0m
Rendering template within layouts/ads
Rendering ads/index
Completed in 10ms (View: 3, DB: 2) | 200 OK [http://localhost/ads/]


Processing AdsController#new (for 127.0.0.1 at 2009-07-05 20:16:36) [GET]
Rendering template within layouts/ads
Rendering ads/new
Completed in 8ms (View: 3, DB: 0) | 200 OK [http://localhost/ads/new]


Processing AdsController#create (for 127.0.0.1 at 2009-07-05 20:16:46) [POST]
  Parameters: {"commit"=>"Create", "ad"=>{"name"=>"hhhhhhhhhhhhh", "price"=>"hh", "description"=>"hhhhhhhh", "img_url"=>"hh", "seller_id"=>"hh", "email"=>"hh"}, "authenticity_token"=>"LK0cKL4yxqvLEJUxjcdv385cA0WuZoxwxQBrJSQ1H9Y="}
  [4;36;1mAd Create (0.5ms)[0m   [0;1mINSERT INTO "ads" ("name", "updated_at", "price", "description", "img_url", "seller_id", "email", "created_at") VALUES('hhhhhhhhhhhhh', '2009-07-06 01:16:46', 0.0, 'hhhhhhhh', 'hh', 0, 'hh', '2009-07-06 01:16:46')[0m
Redirected to http://localhost:3000/ads/41
Completed in 14ms (DB: 1) | 302 Found [http://localhost/ads/create]


Processing AdsController#show (for 127.0.0.1 at 2009-07-05 20:16:46) [GET]
  Parameters: {"id"=>"41"}
  [4;35;1mAd Load (0.3ms)[0m   [0mSELECT * FROM "ads" WHERE ("ads"."id" = 41) [0m
Rendering template within layouts/ads
Rendering ads/show
Completed in 7ms (View: 2, DB: 0) | 200 OK [http://localhost/ads/41]


Processing AdsController#show (for 127.0.0.1 at 2009-07-05 20:16:47) [GET]
  Parameters: {"id"=>"hh"}
  [4;36;1mAd Load (0.1ms)[0m   [0;1mSELECT * FROM "ads" WHERE ("ads"."id" = 0) [0m

ActiveRecord::RecordNotFound (Couldn't find Ad with ID=hh):
  app/controllers/ads_controller.rb:8:in `show'

Rendered rescues/_trace (73.2ms)
Rendered rescues/_request_and_response (0.3ms)
Rendering rescues/layout (not_found)


Processing AdsController#index (for 127.0.0.1 at 2009-07-05 20:16:52) [GET]
  [4;35;1mAd Load (1.9ms)[0m   [0mSELECT * FROM "ads" [0m
Rendering template within layouts/ads
Rendering ads/index
Completed in 10ms (View: 4, DB: 2) | 200 OK [http://localhost/ads/]


Processing AdsController#index (for 127.0.0.1 at 2009-07-05 20:40:10) [GET]
  [4;36;1mAd Load (1.9ms)[0m   [0;1mSELECT * FROM "ads" [0m
Rendering template within layouts/ads
Rendering ads/index
Completed in 24ms (View: 18, DB: 2) | 200 OK [http://localhost/ads/]


Processing AdsController#show (for 127.0.0.1 at 2009-07-05 20:40:11) [GET]
  Parameters: {"id"=>"1"}
  [4;35;1mAd Load (0.3ms)[0m   [0mSELECT * FROM "ads" WHERE ("ads"."id" = 1) [0m
Rendering template within layouts/ads
Rendering ads/show
Completed in 44ms (View: 38, DB: 0) | 200 OK [http://localhost/ads/1]


Processing AdsController#show (for 127.0.0.1 at 2009-07-05 20:43:09) [GET]
  Parameters: {"id"=>"1"}
  [4;36;1mAd Load (0.3ms)[0m   [0;1mSELECT * FROM "ads" WHERE ("ads"."id" = 1) [0m
Rendering template within layouts/ads
Rendering ads/show
Completed in 10ms (View: 5, DB: 0) | 200 OK [http://localhost/ads/1]


Processing AdsController#edit (for 127.0.0.1 at 2009-07-05 20:43:12) [GET]
  Parameters: {"id"=>"1"}
  [4;35;1mAd Load (0.3ms)[0m   [0mSELECT * FROM "ads" WHERE ("ads"."id" = 1) [0m
Rendering template within layouts/ads
Rendering ads/edit
Completed in 12ms (View: 6, DB: 0) | 200 OK [http://localhost/ads/1/edit]


Processing AdsController#show (for 127.0.0.1 at 2009-07-05 20:44:16) [PUT]
  Parameters: {"commit"=>"Update", "ad"=>{"name"=>"Typewriter", "price"=>"71.95", "description"=>"Old manual typewriter. Many years useful service. Works best with a bottle next to it.", "img_url"=>"http://etc.usf.edu/clipart/4200/4253/typewriter_1_lg.gif", "seller_id"=>"54", "email"=>"dhammett@email.com"}, "authenticity_token"=>"LK0cKL4yxqvLEJUxjcdv385cA0WuZoxwxQBrJSQ1H9Y=", "id"=>"update"}
  [4;36;1mAd Load (0.1ms)[0m   [0;1mSELECT * FROM "ads" WHERE ("ads"."id" = 0) [0m

ActiveRecord::RecordNotFound (Couldn't find Ad with ID=update):
  app/controllers/ads_controller.rb:8:in `show'

Rendered rescues/_trace (72.1ms)
Rendered rescues/_request_and_response (0.7ms)
Rendering rescues/layout (not_found)


Processing AdsController#show (for 127.0.0.1 at 2009-07-05 20:45:46) [PUT]
  Parameters: {"commit"=>"Update", "ad"=>{"name"=>"Typewriter", "price"=>"71.95", "description"=>"Old manual typewriter. Many years useful service. Works best with a bottle next to it.", "img_url"=>"http://etc.usf.edu/clipart/4200/4253/typewriter_1_lg.gif", "seller_id"=>"54", "email"=>"dhammett@email.com"}, "authenticity_token"=>"LK0cKL4yxqvLEJUxjcdv385cA0WuZoxwxQBrJSQ1H9Y=", "id"=>"update"}
  [4;35;1mAd Load (0.1ms)[0m   [0mSELECT * FROM "ads" WHERE ("ads"."id" = 0) [0m

ActiveRecord::RecordNotFound (Couldn't find Ad with ID=update):
  app/controllers/ads_controller.rb:8:in `show'

Rendered rescues/_trace (78.1ms)
Rendered rescues/_request_and_response (0.4ms)
Rendering rescues/layout (not_found)


Processing AdsController#show (for 127.0.0.1 at 2009-07-05 20:45:54) [PUT]
  Parameters: {"commit"=>"Update", "ad"=>{"name"=>"Typewriter", "price"=>"71.95", "description"=>"Old manual typewriter. Many years useful service. Works best with a bottle next to it.", "img_url"=>"http://etc.usf.edu/clipart/4200/4253/typewriter_1_lg.gif", "seller_id"=>"54", "email"=>"dhammett@email.com"}, "authenticity_token"=>"LK0cKL4yxqvLEJUxjcdv385cA0WuZoxwxQBrJSQ1H9Y=", "id"=>"update"}
  [4;36;1mAd Load (0.1ms)[0m   [0;1mSELECT * FROM "ads" WHERE ("ads"."id" = 0) [0m

ActiveRecord::RecordNotFound (Couldn't find Ad with ID=update):
  app/controllers/ads_controller.rb:8:in `show'

Rendered rescues/_trace (81.0ms)
Rendered rescues/_request_and_response (0.4ms)
Rendering rescues/layout (not_found)


Processing AdsController#edit (for 127.0.0.1 at 2009-07-05 20:46:16) [GET]
  Parameters: {"id"=>"1"}
  [4;35;1mAd Load (0.3ms)[0m   [0mSELECT * FROM "ads" WHERE ("ads"."id" = 1) [0m
Rendering template within layouts/ads
Rendering ads/edit
Completed in 10ms (View: 4, DB: 0) | 200 OK [http://localhost/ads/1/edit]


Processing AdsController#show (for 127.0.0.1 at 2009-07-05 20:46:48) [PUT]
  Parameters: {"commit"=>"Update", "ad"=>{"name"=>"Typewriter", "price"=>"71.95", "description"=>"Old manual typewriter. Many years useful service. Works best with a bottle next to it.", "img_url"=>"http://etc.usf.edu/clipart/4200/4253/typewriter_1_lg.gif", "seller_id"=>"54", "email"=>"dhammett@email.com"}, "authenticity_token"=>"LK0cKL4yxqvLEJUxjcdv385cA0WuZoxwxQBrJSQ1H9Y=", "id"=>"update"}
  [4;36;1mAd Load (0.1ms)[0m   [0;1mSELECT * FROM "ads" WHERE ("ads"."id" = 0) [0m

ActiveRecord::RecordNotFound (Couldn't find Ad with ID=update):
  app/controllers/ads_controller.rb:8:in `show'

Rendered rescues/_trace (74.2ms)
Rendered rescues/_request_and_response (0.4ms)
Rendering rescues/layout (not_found)


Processing AdsController#index (for 127.0.0.1 at 2009-08-21 14:03:50) [GET]
  [4;36;1mAd Load (2.8ms)[0m   [0;1mSELECT * FROM "ads" [0m
Rendering template within layouts/ads
Rendering ads/index
Completed in 56ms (View: 48, DB: 3) | 200 OK [http://localhost/ads/]


Processing AdsController#show (for 127.0.0.1 at 2009-08-21 14:04:41) [GET]
  Parameters: {"id"=>"40"}
  [4;35;1mAd Load (0.3ms)[0m   [0mSELECT * FROM "ads" WHERE ("ads"."id" = 40) [0m
Rendering template within layouts/ads
Rendering ads/show
Completed in 33ms (View: 28, DB: 0) | 200 OK [http://localhost/ads/40]


Processing AdsController#show (for 127.0.0.1 at 2009-08-21 14:04:41) [GET]
  Parameters: {"id"=>"fffffffffffff"}
  [4;36;1mAd Load (0.2ms)[0m   [0;1mSELECT * FROM "ads" WHERE ("ads"."id" = 0) [0m

ActiveRecord::RecordNotFound (Couldn't find Ad with ID=fffffffffffff):
  app/controllers/ads_controller.rb:8:in `show'

Rendered rescues/_trace (36.1ms)
Rendered rescues/_request_and_response (1.4ms)
Rendering rescues/layout (not_found)


Processing AdsController#edit (for 127.0.0.1 at 2009-08-21 14:04:43) [GET]
  Parameters: {"id"=>"40"}
  [4;35;1mAd Load (0.4ms)[0m   [0mSELECT * FROM "ads" WHERE ("ads"."id" = 40) [0m
Rendering template within layouts/ads
Rendering ads/edit
Completed in 55ms (View: 47, DB: 0) | 200 OK [http://localhost/ads/40/edit]


Processing AdsController#update (for 127.0.0.1 at 2009-08-21 14:05:08) [PUT]
  Parameters: {"commit"=>"Update", "ad"=>{"name"=>"ffffffffffffff", "price"=>"0", "description"=>"fffffffffffffffffdsfdsfgdsfkdfjsdkfjsdddsdsdsdsdsdsdsdsd", "img_url"=>"fffffffffffff", "seller_id"=>"0", "email"=>"ffffffffffff"}, "authenticity_token"=>"89kcSAIiCDvuu5CUPz405ybrzCPS1Ft6yIcV6unSVDw=", "id"=>"40"}
  [4;36;1mAd Load (0.3ms)[0m   [0;1mSELECT * FROM "ads" WHERE ("ads"."id" = 40) [0m
  [4;35;1mAd Update (0.5ms)[0m   [0mUPDATE "ads" SET "description" = 'fffffffffffffffffdsfdsfgdsfkdfjsdkfjsdddsdsdsdsdsdsdsdsd', "updated_at" = '2009-08-21 19:05:08' WHERE "id" = 40[0m
Redirected to http://localhost:3000/ads/40
Completed in 18ms (DB: 1) | 302 Found [http://localhost/ads/40/update]


Processing AdsController#show (for 127.0.0.1 at 2009-08-21 14:05:08) [GET]
  Parameters: {"id"=>"40"}
  [4;36;1mAd Load (0.3ms)[0m   [0;1mSELECT * FROM "ads" WHERE ("ads"."id" = 40) [0m
Rendering template within layouts/ads
Rendering ads/show
Completed in 8ms (View: 2, DB: 0) | 200 OK [http://localhost/ads/40]


Processing AdsController#show (for 127.0.0.1 at 2009-08-21 14:05:08) [GET]
  Parameters: {"id"=>"fffffffffffff"}
  [4;35;1mAd Load (0.2ms)[0m   [0mSELECT * FROM "ads" WHERE ("ads"."id" = 0) [0m

ActiveRecord::RecordNotFound (Couldn't find Ad with ID=fffffffffffff):
  app/controllers/ads_controller.rb:8:in `show'

Rendered rescues/_trace (35.9ms)
Rendered rescues/_request_and_response (0.3ms)
Rendering rescues/layout (not_found)


Processing AdsController#index (for 127.0.0.1 at 2009-08-21 14:05:16) [GET]
  [4;36;1mAd Load (2.1ms)[0m   [0;1mSELECT * FROM "ads" [0m
Rendering template within layouts/ads
Rendering ads/index
Completed in 10ms (View: 4, DB: 2) | 200 OK [http://localhost/ads/]


Processing AdsController#show (for 127.0.0.1 at 2009-08-21 14:12:53) [GET]
  Parameters: {"id"=>"1"}
  [4;35;1mAd Load (0.4ms)[0m   [0mSELECT * FROM "ads" WHERE ("ads"."id" = 1) [0m
Rendering template within layouts/ads
Rendering ads/show
Completed in 11ms (View: 3, DB: 0) | 200 OK [http://localhost/ads/1]


Processing AdsController#edit (for 127.0.0.1 at 2009-08-21 14:12:55) [GET]
  Parameters: {"id"=>"1"}
Filter chain halted as [:check_logged_in] rendered_or_redirected.
Completed in 1ms (View: 1, DB: 0) | 401 Unauthorized [http://localhost/ads/1/edit]


Processing AdsController#edit (for 127.0.0.1 at 2009-08-21 14:13:05) [GET]
  Parameters: {"id"=>"1"}
  [4;36;1mAd Load (0.3ms)[0m   [0;1mSELECT * FROM "ads" WHERE ("ads"."id" = 1) [0m
Rendering template within layouts/ads
Rendering ads/edit
Completed in 9ms (View: 4, DB: 0) | 200 OK [http://localhost/ads/1/edit]


Processing AdsController#update (for 127.0.0.1 at 2009-08-21 14:13:15) [PUT]
  Parameters: {"commit"=>"Update", "ad"=>{"name"=>"Typewriter", "price"=>"71.95", "description"=>"Old manual typewriter. Many years useful service. Works best with a bottle next to it. TESTING", "img_url"=>"http://homepage.mac.com/david_griffiths/typewriter.png", "seller_id"=>"54", "email"=>"dhammett@email.com"}, "authenticity_token"=>"89kcSAIiCDvuu5CUPz405ybrzCPS1Ft6yIcV6unSVDw=", "id"=>"1"}
Filter chain halted as [:check_logged_in] rendered_or_redirected.
Completed in 1ms (View: 1, DB: 0) | 401 Unauthorized [http://localhost/ads/1/update]


Processing AdsController#update (for 127.0.0.1 at 2009-08-21 14:13:15) [PUT]
  Parameters: {"commit"=>"Update", "ad"=>{"name"=>"Typewriter", "price"=>"71.95", "description"=>"Old manual typewriter. Many years useful service. Works best with a bottle next to it. TESTING", "img_url"=>"http://homepage.mac.com/david_griffiths/typewriter.png", "seller_id"=>"54", "email"=>"dhammett@email.com"}, "authenticity_token"=>"89kcSAIiCDvuu5CUPz405ybrzCPS1Ft6yIcV6unSVDw=", "id"=>"1"}
  [4;35;1mAd Load (0.3ms)[0m   [0mSELECT * FROM "ads" WHERE ("ads"."id" = 1) [0m
  [4;36;1mAd Update (0.4ms)[0m   [0;1mUPDATE "ads" SET "description" = 'Old manual typewriter. Many years useful service. Works best with a bottle next to it. TESTING', "updated_at" = '2009-08-21 19:13:15' WHERE "id" = 1[0m
Redirected to http://localhost:3000/ads/1
Completed in 10ms (DB: 1) | 302 Found [http://localhost/ads/1/update]


Processing AdsController#show (for 127.0.0.1 at 2009-08-21 14:13:15) [GET]
  Parameters: {"id"=>"1"}
  [4;35;1mAd Load (0.4ms)[0m   [0mSELECT * FROM "ads" WHERE ("ads"."id" = 1) [0m
Rendering template within layouts/ads
Rendering ads/show
Completed in 9ms (View: 3, DB: 0) | 200 OK [http://localhost/ads/1]


Processing AdsController#index (for 127.0.0.1 at 2009-08-21 14:13:21) [GET]
  [4;36;1mAd Load (2.1ms)[0m   [0;1mSELECT * FROM "ads" [0m
Rendering template within layouts/ads
Rendering ads/index
Completed in 9ms (View: 4, DB: 2) | 200 OK [http://localhost/ads/]


Processing AdsController#show (for 127.0.0.1 at 2009-08-21 14:13:22) [GET]
  Parameters: {"id"=>"1"}
  [4;35;1mAd Load (0.4ms)[0m   [0mSELECT * FROM "ads" WHERE ("ads"."id" = 1) [0m
Rendering template within layouts/ads
Rendering ads/show
Completed in 10ms (View: 3, DB: 0) | 200 OK [http://localhost/ads/1]


Processing AdsController#index (for 127.0.0.1 at 2009-08-21 14:13:25) [GET]
  [4;36;1mAd Load (3.1ms)[0m   [0;1mSELECT * FROM "ads" [0m
Rendering template within layouts/ads
Rendering ads/index
Completed in 15ms (View: 6, DB: 3) | 200 OK [http://localhost/ads/]


Processing AdsController#show (for 127.0.0.1 at 2009-08-21 14:13:27) [GET]
  Parameters: {"id"=>"40"}
  [4;35;1mAd Load (0.3ms)[0m   [0mSELECT * FROM "ads" WHERE ("ads"."id" = 40) [0m
Rendering template within layouts/ads
Rendering ads/show
Completed in 7ms (View: 2, DB: 0) | 200 OK [http://localhost/ads/40]


Processing AdsController#show (for 127.0.0.1 at 2009-08-21 14:13:27) [GET]
  Parameters: {"id"=>"fffffffffffff"}
  [4;36;1mAd Load (0.1ms)[0m   [0;1mSELECT * FROM "ads" WHERE ("ads"."id" = 0) [0m

ActiveRecord::RecordNotFound (Couldn't find Ad with ID=fffffffffffff):
  app/controllers/ads_controller.rb:9:in `show'

Rendered rescues/_trace (32.5ms)
Rendered rescues/_request_and_response (0.3ms)
Rendering rescues/layout (not_found)


Processing AdsController#edit (for 127.0.0.1 at 2009-08-21 14:13:29) [GET]
  Parameters: {"id"=>"40"}
Filter chain halted as [:check_logged_in] rendered_or_redirected.
Completed in 1ms (View: 1, DB: 0) | 401 Unauthorized [http://localhost/ads/40/edit]


Processing AdsController#edit (for 127.0.0.1 at 2009-08-21 14:13:29) [GET]
  Parameters: {"id"=>"40"}
  [4;35;1mAd Load (0.3ms)[0m   [0mSELECT * FROM "ads" WHERE ("ads"."id" = 40) [0m
Rendering template within layouts/ads
Rendering ads/edit
Completed in 9ms (View: 4, DB: 0) | 200 OK [http://localhost/ads/40/edit]


Processing AdsController#update (for 127.0.0.1 at 2009-08-21 14:13:35) [PUT]
  Parameters: {"commit"=>"Update", "ad"=>{"name"=>"ffffffffffffff", "price"=>"0", "description"=>"fffffffffffffffffdsfdsfgdsfkdfjsdkfjsdddsdsdsdsdsdsdsdsdsdfsdfsdf", "img_url"=>"fffffffffffff", "seller_id"=>"0", "email"=>"ffffffffffff"}, "authenticity_token"=>"89kcSAIiCDvuu5CUPz405ybrzCPS1Ft6yIcV6unSVDw=", "id"=>"40"}
Filter chain halted as [:check_logged_in] rendered_or_redirected.
Completed in 1ms (View: 1, DB: 0) | 401 Unauthorized [http://localhost/ads/40/update]


Processing AdsController#update (for 127.0.0.1 at 2009-08-21 14:13:35) [PUT]
  Parameters: {"commit"=>"Update", "ad"=>{"name"=>"ffffffffffffff", "price"=>"0", "description"=>"fffffffffffffffffdsfdsfgdsfkdfjsdkfjsdddsdsdsdsdsdsdsdsdsdfsdfsdf", "img_url"=>"fffffffffffff", "seller_id"=>"0", "email"=>"ffffffffffff"}, "authenticity_token"=>"89kcSAIiCDvuu5CUPz405ybrzCPS1Ft6yIcV6unSVDw=", "id"=>"40"}
  [4;36;1mAd Load (0.3ms)[0m   [0;1mSELECT * FROM "ads" WHERE ("ads"."id" = 40) [0m
  [4;35;1mAd Update (0.4ms)[0m   [0mUPDATE "ads" SET "description" = 'fffffffffffffffffdsfdsfgdsfkdfjsdkfjsdddsdsdsdsdsdsdsdsdsdfsdfsdf', "updated_at" = '2009-08-21 19:13:35' WHERE "id" = 40[0m
Redirected to http://localhost:3000/ads/40
Completed in 21ms (DB: 1) | 302 Found [http://localhost/ads/40/update]


Processing AdsController#show (for 127.0.0.1 at 2009-08-21 14:13:35) [GET]
  Parameters: {"id"=>"40"}
  [4;36;1mAd Load (0.3ms)[0m   [0;1mSELECT * FROM "ads" WHERE ("ads"."id" = 40) [0m
Rendering template within layouts/ads
Rendering ads/show
Completed in 8ms (View: 2, DB: 0) | 200 OK [http://localhost/ads/40]


Processing AdsController#show (for 127.0.0.1 at 2009-08-21 14:13:35) [GET]
  Parameters: {"id"=>"fffffffffffff"}
  [4;35;1mAd Load (0.1ms)[0m   [0mSELECT * FROM "ads" WHERE ("ads"."id" = 0) [0m

ActiveRecord::RecordNotFound (Couldn't find Ad with ID=fffffffffffff):
  app/controllers/ads_controller.rb:9:in `show'

Rendered rescues/_trace (35.8ms)
Rendered rescues/_request_and_response (0.3ms)
Rendering rescues/layout (not_found)


Processing AdsController#index (for 127.0.0.1 at 2009-08-21 14:13:38) [GET]
  [4;36;1mAd Load (3.2ms)[0m   [0;1mSELECT * FROM "ads" [0m
Rendering template within layouts/ads
Rendering ads/index
Completed in 15ms (View: 5, DB: 3) | 200 OK [http://localhost/ads/]


Processing AdsController#index (for 127.0.0.1 at 2009-08-21 14:22:28) [GET]
  [4;35;1mAd Load (2.0ms)[0m   [0mSELECT * FROM "ads" [0m
Rendering template within layouts/ads
Rendering ads/index
Completed in 12ms (View: 6, DB: 2) | 200 OK [http://localhost/ads/]


Processing AdsController#destroy (for 127.0.0.1 at 2009-08-21 14:22:45) [GET]
  Parameters: {"id"=>"41"}
  [4;36;1mAd Load (0.4ms)[0m   [0;1mSELECT * FROM "ads" WHERE ("ads"."id" = 41) [0m

NoMethodError (You have a nil object when you didn't expect it!
You might have expected an instance of Array.
The error occurred while evaluating nil.-):
  app/controllers/ads_controller.rb:33:in `destroy'

Rendered rescues/_trace (35.3ms)
Rendered rescues/_request_and_response (0.3ms)
Rendering rescues/layout (internal_server_error)


Processing AdsController#destroy (for 127.0.0.1 at 2009-08-21 14:22:55) [GET]
  Parameters: {"id"=>"41"}
  [4;35;1mAd Load (0.3ms)[0m   [0mSELECT * FROM "ads" WHERE ("ads"."id" = 41) [0m

NoMethodError (You have a nil object when you didn't expect it!
You might have expected an instance of Array.
The error occurred while evaluating nil.-):
  app/controllers/ads_controller.rb:33:in `destroy'

Rendered rescues/_trace (34.1ms)
Rendered rescues/_request_and_response (0.3ms)
Rendering rescues/layout (internal_server_error)


Processing AdsController#destroy (for 127.0.0.1 at 2009-08-21 14:23:40) [GET]
  Parameters: {"id"=>"40"}
  [4;36;1mAd Load (0.5ms)[0m   [0;1mSELECT * FROM "ads" WHERE ("ads"."id" = 40) [0m
  [4;35;1mAd Destroy (0.4ms)[0m   [0mDELETE FROM "ads" WHERE "id" = 40[0m
Redirected to http://localhost:3000/ads/
Completed in 21ms (DB: 1) | 302 Found [http://localhost/ads/40/delete]


Processing AdsController#index (for 127.0.0.1 at 2009-08-21 14:23:40) [GET]
  [4;36;1mAd Load (2.0ms)[0m   [0;1mSELECT * FROM "ads" [0m
Rendering template within layouts/ads
Rendering ads/index
Completed in 10ms (View: 4, DB: 2) | 200 OK [http://localhost/ads/]


Processing AdsController#destroy (for 127.0.0.1 at 2009-08-21 14:23:42) [GET]
  Parameters: {"id"=>"41"}
  [4;35;1mAd Load (0.5ms)[0m   [0mSELECT * FROM "ads" WHERE ("ads"."id" = 41) [0m
  [4;36;1mAd Destroy (0.5ms)[0m   [0;1mDELETE FROM "ads" WHERE "id" = 41[0m
Redirected to http://localhost:3000/ads/
Completed in 11ms (DB: 1) | 302 Found [http://localhost/ads/41/delete]


Processing AdsController#index (for 127.0.0.1 at 2009-08-21 14:23:42) [GET]
  [4;35;1mAd Load (1.8ms)[0m   [0mSELECT * FROM "ads" [0m
Rendering template within layouts/ads
Rendering ads/index
Completed in 9ms (View: 4, DB: 2) | 200 OK [http://localhost/ads/]


Processing AdsController#destroy (for 127.0.0.1 at 2009-08-21 14:23:44) [GET]
  Parameters: {"id"=>"39"}
  [4;36;1mAd Load (0.3ms)[0m   [0;1mSELECT * FROM "ads" WHERE ("ads"."id" = 39) [0m
  [4;35;1mAd Destroy (0.3ms)[0m   [0mDELETE FROM "ads" WHERE "id" = 39[0m
Redirected to http://localhost:3000/ads/
Completed in 18ms (DB: 1) | 302 Found [http://localhost/ads/39/delete]


Processing AdsController#index (for 127.0.0.1 at 2009-08-21 14:23:44) [GET]
  [4;36;1mAd Load (1.9ms)[0m   [0;1mSELECT * FROM "ads" [0m
Rendering template within layouts/ads
Rendering ads/index
Completed in 11ms (View: 5, DB: 2) | 200 OK [http://localhost/ads/]


Processing AdsController#destroy (for 127.0.0.1 at 2009-08-21 14:23:45) [GET]
  Parameters: {"id"=>"38"}
  [4;35;1mAd Load (0.4ms)[0m   [0mSELECT * FROM "ads" WHERE ("ads"."id" = 38) [0m
  [4;36;1mAd Destroy (0.5ms)[0m   [0;1mDELETE FROM "ads" WHERE "id" = 38[0m
Redirected to http://localhost:3000/ads/
Completed in 21ms (DB: 1) | 302 Found [http://localhost/ads/38/delete]


Processing AdsController#index (for 127.0.0.1 at 2009-08-21 14:23:45) [GET]
  [4;35;1mAd Load (1.7ms)[0m   [0mSELECT * FROM "ads" [0m
Rendering template within layouts/ads
Rendering ads/index
Completed in 9ms (View: 4, DB: 2) | 200 OK [http://localhost/ads/]


Processing AdsController#index (for 127.0.0.1 at 2009-08-21 14:29:19) [GET]
  [4;36;1mAd Load (1.7ms)[0m   [0;1mSELECT * FROM "ads" [0m
Rendering template within layouts/ads
Rendering ads/index
Completed in 53ms (View: 7, DB: 2) | 200 OK [http://localhost/ads/]


Processing AdsController#index (for 127.0.0.1 at 2009-08-22 12:38:26) [GET]
  [4;36;1mAd Load (19.7ms)[0m   [0;1mSELECT * FROM "ads" [0m
Rendering template within layouts/ads
Rendering ads/index
Completed in 60ms (View: 35, DB: 20) | 200 OK [http://localhost/ads/]


Processing ApplicationController#show (for 127.0.0.1 at 2009-08-22 13:00:08) [GET]
  Parameters: {"id"=>"1"}

SyntaxError (/Users/nathan/web/tutorials/rails/head_first_rails/mebay/app/controllers/ads_controller.rb:47: syntax error, unexpected $end, expecting kEND):
  

Rendered rescues/_trace (69.2ms)
Rendered rescues/_request_and_response (1.5ms)
Rendering rescues/layout (internal_server_error)


Processing ApplicationController#index (for 127.0.0.1 at 2009-08-22 13:00:11) [GET]

SyntaxError (/Users/nathan/web/tutorials/rails/head_first_rails/mebay/app/controllers/ads_controller.rb:47: syntax error, unexpected $end, expecting kEND):
  

Rendered rescues/_trace (29.1ms)
Rendered rescues/_request_and_response (0.3ms)
Rendering rescues/layout (internal_server_error)


Processing AdsController#index (for 127.0.0.1 at 2009-08-22 13:00:23) [GET]
  [4;35;1mAd Load (1.5ms)[0m   [0mSELECT * FROM "ads" [0m
Rendering template within layouts/ads
Rendering ads/index
Completed in 8ms (View: 3, DB: 1) | 200 OK [http://localhost/ads/]


Processing AdsController#show (for 127.0.0.1 at 2009-08-22 13:00:25) [GET]
  Parameters: {"id"=>"1"}
  [4;36;1mAd Load (0.4ms)[0m   [0;1mSELECT * FROM "ads" WHERE ("ads"."id" = 1) [0m
Rendering template within layouts/ads
Rendering ads/show
Completed in 38ms (View: 31, DB: 0) | 200 OK [http://localhost/ads/1]


Processing AdsController#new (for 127.0.0.1 at 2009-08-22 13:00:32) [GET]
Rendering template within layouts/ads
Rendering ads/new
Completed in 56ms (View: 51, DB: 0) | 200 OK [http://localhost/ads/new]


Processing AdsController#new (for 127.0.0.1 at 2009-08-22 13:00:41) [GET]
Rendering template within layouts/ads
Rendering ads/new
Completed in 8ms (View: 4, DB: 0) | 200 OK [http://localhost/ads/new]


Processing AdsController#create (for 127.0.0.1 at 2009-08-22 13:06:24) [POST]
  Parameters: {"commit"=>"Create", "ad"=>{"name"=>"", "price"=>"", "description"=>"dsadsada", "img_url"=>"", "seller_id"=>"", "email"=>""}, "authenticity_token"=>"dEbTQoZhrZ2jGgw2aA8ZexBehO/SgjPuTywP2lGTC4w="}
Rendering template within layouts/ads
Rendering ads/new
Completed in 67ms (View: 30, DB: 0) | 200 OK [http://localhost/ads/create]


Processing AdsController#index (for 127.0.0.1 at 2009-08-22 13:19:51) [GET]
  [4;35;1mAd Load (1.7ms)[0m   [0mSELECT * FROM "ads" [0m
Rendering template within layouts/ads
Rendering ads/index
Completed in 10ms (View: 4, DB: 2) | 200 OK [http://localhost/ads/]


Processing AdsController#show (for 127.0.0.1 at 2009-08-22 13:19:58) [GET]
  Parameters: {"id"=>"1"}
  [4;36;1mAd Load (0.5ms)[0m   [0;1mSELECT * FROM "ads" WHERE ("ads"."id" = 1) [0m
Rendering template within layouts/ads
Rendering ads/show
Completed in 11ms (View: 3, DB: 0) | 200 OK [http://localhost/ads/1]


Processing AdsController#edit (for 127.0.0.1 at 2009-08-22 13:20:00) [GET]
  Parameters: {"id"=>"1"}
Filter chain halted as [:check_logged_in] rendered_or_redirected.
Completed in 1ms (View: 1, DB: 0) | 401 Unauthorized [http://localhost/ads/1/edit]


Processing AdsController#edit (for 127.0.0.1 at 2009-08-22 13:20:10) [GET]
  Parameters: {"id"=>"1"}
  [4;35;1mAd Load (0.3ms)[0m   [0mSELECT * FROM "ads" WHERE ("ads"."id" = 1) [0m
Rendering template within layouts/ads
Rendering ads/edit
Completed in 13ms (View: 7, DB: 0) | 200 OK [http://localhost/ads/1/edit]


Processing AdsController#update (for 127.0.0.1 at 2009-08-22 13:20:17) [PUT]
  Parameters: {"commit"=>"Update", "ad"=>{"name"=>"Typewriter", "price"=>"71.95", "description"=>"Old manual typewriter. Many years useful service. Works best with a bottle next to it. TESTING 1-2-3", "img_url"=>"http://homepage.mac.com/david_griffiths/typewriter.png", "seller_id"=>"54", "email"=>"dhammett@email.com"}, "authenticity_token"=>"dEbTQoZhrZ2jGgw2aA8ZexBehO/SgjPuTywP2lGTC4w=", "id"=>"1"}
Filter chain halted as [:check_logged_in] rendered_or_redirected.
Completed in 1ms (View: 1, DB: 0) | 401 Unauthorized [http://localhost/ads/1/update]


Processing AdsController#update (for 127.0.0.1 at 2009-08-22 13:20:17) [PUT]
  Parameters: {"commit"=>"Update", "ad"=>{"name"=>"Typewriter", "price"=>"71.95", "description"=>"Old manual typewriter. Many years useful service. Works best with a bottle next to it. TESTING 1-2-3", "img_url"=>"http://homepage.mac.com/david_griffiths/typewriter.png", "seller_id"=>"54", "email"=>"dhammett@email.com"}, "authenticity_token"=>"dEbTQoZhrZ2jGgw2aA8ZexBehO/SgjPuTywP2lGTC4w=", "id"=>"1"}
  [4;36;1mAd Load (0.3ms)[0m   [0;1mSELECT * FROM "ads" WHERE ("ads"."id" = 1) [0m
  [4;35;1mAd Update (0.7ms)[0m   [0mUPDATE "ads" SET "description" = 'Old manual typewriter. Many years useful service. Works best with a bottle next to it. TESTING 1-2-3', "updated_at" = '2009-08-22 18:20:17' WHERE "id" = 1[0m
Redirected to http://localhost:3000/ads/1
Completed in 48ms (DB: 1) | 302 Found [http://localhost/ads/1/update]


Processing AdsController#show (for 127.0.0.1 at 2009-08-22 13:20:17) [GET]
  Parameters: {"id"=>"1"}
  [4;36;1mAd Load (0.3ms)[0m   [0;1mSELECT * FROM "ads" WHERE ("ads"."id" = 1) [0m
Rendering template within layouts/ads
Rendering ads/show
Completed in 8ms (View: 2, DB: 0) | 200 OK [http://localhost/ads/1]


Processing AdsController#edit (for 127.0.0.1 at 2009-08-22 13:20:20) [GET]
  Parameters: {"id"=>"1"}
Filter chain halted as [:check_logged_in] rendered_or_redirected.
Completed in 1ms (View: 1, DB: 0) | 401 Unauthorized [http://localhost/ads/1/edit]


Processing AdsController#edit (for 127.0.0.1 at 2009-08-22 13:20:20) [GET]
  Parameters: {"id"=>"1"}
  [4;35;1mAd Load (0.4ms)[0m   [0mSELECT * FROM "ads" WHERE ("ads"."id" = 1) [0m
Rendering template within layouts/ads
Rendering ads/edit
Completed in 11ms (View: 4, DB: 0) | 200 OK [http://localhost/ads/1/edit]


Processing AdsController#update (for 127.0.0.1 at 2009-08-22 13:20:27) [PUT]
  Parameters: {"commit"=>"Update", "ad"=>{"name"=>"", "price"=>"71.95", "description"=>"Old manual typewriter. Many years useful service. Works best with a bottle next to it. TESTING 1-2-3", "img_url"=>"http://homepage.mac.com/david_griffiths/typewriter.png", "seller_id"=>"54", "email"=>"dhammett@email.com"}, "authenticity_token"=>"dEbTQoZhrZ2jGgw2aA8ZexBehO/SgjPuTywP2lGTC4w=", "id"=>"1"}
Filter chain halted as [:check_logged_in] rendered_or_redirected.
Completed in 1ms (View: 1, DB: 0) | 401 Unauthorized [http://localhost/ads/1/update]


Processing AdsController#update (for 127.0.0.1 at 2009-08-22 13:20:27) [PUT]
  Parameters: {"commit"=>"Update", "ad"=>{"name"=>"", "price"=>"71.95", "description"=>"Old manual typewriter. Many years useful service. Works best with a bottle next to it. TESTING 1-2-3", "img_url"=>"http://homepage.mac.com/david_griffiths/typewriter.png", "seller_id"=>"54", "email"=>"dhammett@email.com"}, "authenticity_token"=>"dEbTQoZhrZ2jGgw2aA8ZexBehO/SgjPuTywP2lGTC4w=", "id"=>"1"}
  [4;36;1mAd Load (0.3ms)[0m   [0;1mSELECT * FROM "ads" WHERE ("ads"."id" = 1) [0m
Rendering template within layouts/ads
Rendering ads/edit
Completed in 13ms (View: 3, DB: 0) | 200 OK [http://localhost/ads/1/update]


Processing AdsController#update (for 127.0.0.1 at 2009-08-22 13:20:31) [PUT]
  Parameters: {"commit"=>"Update", "ad"=>{"name"=>"Typewriter", "price"=>"71.95", "description"=>"Old manual typewriter. Many years useful service. Works best with a bottle next to it. TESTING 1-2-3", "img_url"=>"http://homepage.mac.com/david_griffiths/typewriter.png", "seller_id"=>"54", "email"=>"dhammett@email.com"}, "authenticity_token"=>"dEbTQoZhrZ2jGgw2aA8ZexBehO/SgjPuTywP2lGTC4w=", "id"=>"1"}
Filter chain halted as [:check_logged_in] rendered_or_redirected.
Completed in 1ms (View: 1, DB: 0) | 401 Unauthorized [http://localhost/ads/1/update]


Processing AdsController#update (for 127.0.0.1 at 2009-08-22 13:20:31) [PUT]
  Parameters: {"commit"=>"Update", "ad"=>{"name"=>"Typewriter", "price"=>"71.95", "description"=>"Old manual typewriter. Many years useful service. Works best with a bottle next to it. TESTING 1-2-3", "img_url"=>"http://homepage.mac.com/david_griffiths/typewriter.png", "seller_id"=>"54", "email"=>"dhammett@email.com"}, "authenticity_token"=>"dEbTQoZhrZ2jGgw2aA8ZexBehO/SgjPuTywP2lGTC4w=", "id"=>"1"}
  [4;35;1mAd Load (0.5ms)[0m   [0mSELECT * FROM "ads" WHERE ("ads"."id" = 1) [0m
Redirected to http://localhost:3000/ads/1
Completed in 58ms (DB: 1) | 302 Found [http://localhost/ads/1/update]


Processing AdsController#show (for 127.0.0.1 at 2009-08-22 13:20:31) [GET]
  Parameters: {"id"=>"1"}
  [4;36;1mAd Load (0.3ms)[0m   [0;1mSELECT * FROM "ads" WHERE ("ads"."id" = 1) [0m
Rendering template within layouts/ads
Rendering ads/show
Completed in 8ms (View: 2, DB: 0) | 200 OK [http://localhost/ads/1]


Processing AdsController#index (for 127.0.0.1 at 2009-08-22 13:20:34) [GET]
  [4;35;1mAd Load (1.5ms)[0m   [0mSELECT * FROM "ads" [0m
Rendering template within layouts/ads
Rendering ads/index
Completed in 9ms (View: 3, DB: 1) | 200 OK [http://localhost/ads/]
