  [4;36;1mSQL (0.3ms)[0m   [0;1m SELECT name
 FROM sqlite_master
 WHERE type = 'table' AND NOT name = 'sqlite_sequence'
[0m
  [4;35;1mSQL (0.1ms)[0m   [0mselect sqlite_version(*)[0m
  [4;36;1mSQL (2.3ms)[0m   [0;1mCREATE TABLE "schema_migrations" ("version" varchar(255) NOT NULL) [0m
  [4;35;1mSQL (1.6ms)[0m   [0mCREATE UNIQUE INDEX "unique_schema_migrations" ON "schema_migrations" ("version")[0m
  [4;36;1mSQL (0.2ms)[0m   [0;1m SELECT name
 FROM sqlite_master
 WHERE type = 'table' AND NOT name = 'sqlite_sequence'
[0m
  [4;35;1mSQL (0.1ms)[0m   [0mSELECT version FROM schema_migrations[0m
Migrating to CreateIncidents (20090822210420)
  [4;36;1mSQL (1.0ms)[0m   [0;1mCREATE TABLE "incidents" ("id" INTEGER PRIMARY KEY AUTOINCREMENT NOT NULL, "mountain" varchar(255), "latitude" decimal, "longitude" decimal, "when" datetime, "title" varchar(255), "description" text, "created_at" datetime, "updated_at" datetime) [0m
  [4;35;1mSQL (0.2ms)[0m   [0mINSERT INTO schema_migrations (version) VALUES ('20090822210420')[0m
  [4;36;1mSQL (0.4ms)[0m   [0;1m SELECT name
 FROM sqlite_master
 WHERE type = 'table' AND NOT name = 'sqlite_sequence'
[0m
  [4;35;1mSQL (0.2ms)[0m   [0mSELECT version FROM schema_migrations[0m
  [4;36;1mSQL (0.2ms)[0m   [0;1m SELECT name
 FROM sqlite_master
 WHERE type = 'table' AND NOT name = 'sqlite_sequence'
[0m
  [4;35;1mSQL (0.0ms)[0m   [0mPRAGMA index_list("incidents")[0m


Processing IncidentsController#index (for 127.0.0.1 at 2009-08-22 16:05:47) [GET]
  [4;36;1mIncident Load (0.4ms)[0m   [0;1mSELECT * FROM "incidents" [0m
Rendering template within layouts/incidents
Rendering incidents/index
Completed in 36ms (View: 31, DB: 0) | 200 OK [http://localhost/incidents]


Processing IncidentsController#new (for 127.0.0.1 at 2009-08-22 16:05:49) [GET]
Rendering template within layouts/incidents
Rendering incidents/new
Completed in 206ms (View: 201, DB: 0) | 200 OK [http://localhost/incidents/new]


Processing IncidentsController#create (for 127.0.0.1 at 2009-08-22 16:06:16) [POST]
  Parameters: {"incident"=>{"latitude"=>"37.456", "title"=>"My first climb", "when(1i)"=>"2009", "when(2i)"=>"8", "when(3i)"=>"22", "description"=>"blah blah blah", "when(4i)"=>"21", "mountain"=>"Everest", "when(5i)"=>"05", "longitude"=>"-82.000"}, "commit"=>"Create", "authenticity_token"=>"GhosUoylA1ecA3zx/cSRoqpsFNw/BeAX4eXcuYDyNSY="}
  [4;35;1mIncident Create (0.8ms)[0m   [0mINSERT INTO "incidents" ("latitude", "updated_at", "title", "mountain", "description", "longitude", "when", "created_at") VALUES(37.456, '2009-08-22 21:06:16', 'My first climb', 'Everest', 'blah blah blah', -82.0, '2009-08-22 21:05:00', '2009-08-22 21:06:16')[0m
Redirected to http://localhost:3000/incidents/1
Completed in 61ms (DB: 1) | 302 Found [http://localhost/incidents]


Processing IncidentsController#show (for 127.0.0.1 at 2009-08-22 16:06:16) [GET]
  Parameters: {"id"=>"1"}
  [4;36;1mIncident Load (0.3ms)[0m   [0;1mSELECT * FROM "incidents" WHERE ("incidents"."id" = 1) [0m
Rendering template within layouts/incidents
Rendering incidents/show
Completed in 11ms (View: 6, DB: 0) | 200 OK [http://localhost/incidents/1]
